<<<<<<< HEAD
﻿  pixelOperat.cpp
<<<<<<< HEAD
C:\Users\user\Desktop\陳增澤\gitegg\photoegg4.1\pixelOperat\pixelOperat.h(52): warning C4244: '=': 將 'double' 轉換為 'unsigned char'，由於類型不同，可能導致資料遺失
C:\Users\user\Desktop\陳增澤\gitegg\photoegg4.1\pixelOperat\pixelOperat.h(826): warning C4244: '=': 將 'double' 轉換為 'unsigned char'，由於類型不同，可能導致資料遺失
C:\Users\user\Desktop\陳增澤\gitegg\photoegg4.1\pixelOperat\pixelOperat.h(827): warning C4244: '=': 將 'double' 轉換為 'unsigned char'，由於類型不同，可能導致資料遺失
C:\Users\user\Desktop\陳增澤\gitegg\photoegg4.1\pixelOperat\pixelOperat.h(828): warning C4244: '=': 將 'double' 轉換為 'unsigned char'，由於類型不同，可能導致資料遺失
C:\Users\user\Desktop\陳增澤\gitegg\photoegg4.1\pixelOperat\pixelOperat.h(850): warning C4244: '=': 將 'double' 轉換為 'unsigned char'，由於類型不同，可能導致資料遺失
C:\Users\user\Desktop\陳增澤\gitegg\photoegg4.1\pixelOperat\pixelOperat.h(851): warning C4244: '=': 將 'double' 轉換為 'unsigned char'，由於類型不同，可能導致資料遺失
C:\Users\user\Desktop\陳增澤\gitegg\photoegg4.1\pixelOperat\pixelOperat.h(852): warning C4244: '=': 將 'double' 轉換為 'unsigned char'，由於類型不同，可能導致資料遺失
C:\Users\user\Desktop\陳增澤\gitegg\photoegg4.1\pixelOperat\pixelOperat.h(856): warning C4244: '=': 將 'double' 轉換為 'unsigned char'，由於類型不同，可能導致資料遺失
C:\Users\user\Desktop\陳增澤\gitegg\photoegg4.1\pixelOperat\pixelOperat.h(857): warning C4244: '=': 將 'double' 轉換為 'unsigned char'，由於類型不同，可能導致資料遺失
C:\Users\user\Desktop\陳增澤\gitegg\photoegg4.1\pixelOperat\pixelOperat.h(858): warning C4244: '=': 將 'double' 轉換為 'unsigned char'，由於類型不同，可能導致資料遺失
C:\Users\user\Desktop\陳增澤\gitegg\photoegg4.1\pixelOperat\pixelOperat.h(861): warning C4244: '=': 將 'double' 轉換為 'unsigned char'，由於類型不同，可能導致資料遺失
C:\Users\user\Desktop\陳增澤\gitegg\photoegg4.1\pixelOperat\pixelOperat.h(862): warning C4244: '=': 將 'double' 轉換為 'unsigned char'，由於類型不同，可能導致資料遺失
C:\Users\user\Desktop\陳增澤\gitegg\photoegg4.1\pixelOperat\pixelOperat.h(863): warning C4244: '=': 將 'double' 轉換為 'unsigned char'，由於類型不同，可能導致資料遺失
C:\Users\user\Desktop\陳增澤\gitegg\photoegg4.1\pixelOperat\pixelOperat.h(867): warning C4244: '=': 將 'double' 轉換為 'unsigned char'，由於類型不同，可能導致資料遺失
C:\Users\user\Desktop\陳增澤\gitegg\photoegg4.1\pixelOperat\pixelOperat.h(868): warning C4244: '=': 將 'double' 轉換為 'unsigned char'，由於類型不同，可能導致資料遺失
C:\Users\user\Desktop\陳增澤\gitegg\photoegg4.1\pixelOperat\pixelOperat.h(869): warning C4244: '=': 將 'double' 轉換為 'unsigned char'，由於類型不同，可能導致資料遺失
C:\Users\user\Desktop\陳增澤\gitegg\photoegg4.1\pixelOperat\pixelOperat.h(873): warning C4244: '=': 將 'double' 轉換為 'unsigned char'，由於類型不同，可能導致資料遺失
C:\Users\user\Desktop\陳增澤\gitegg\photoegg4.1\pixelOperat\pixelOperat.h(874): warning C4244: '=': 將 'double' 轉換為 'unsigned char'，由於類型不同，可能導致資料遺失
C:\Users\user\Desktop\陳增澤\gitegg\photoegg4.1\pixelOperat\pixelOperat.h(875): warning C4244: '=': 將 'double' 轉換為 'unsigned char'，由於類型不同，可能導致資料遺失
C:\Users\user\Desktop\陳增澤\gitegg\photoegg4.1\pixelOperat\pixelOperat.h(879): warning C4244: '=': 將 'double' 轉換為 'unsigned char'，由於類型不同，可能導致資料遺失
C:\Users\user\Desktop\陳增澤\gitegg\photoegg4.1\pixelOperat\pixelOperat.h(880): warning C4244: '=': 將 'double' 轉換為 'unsigned char'，由於類型不同，可能導致資料遺失
C:\Users\user\Desktop\陳增澤\gitegg\photoegg4.1\pixelOperat\pixelOperat.h(881): warning C4244: '=': 將 'double' 轉換為 'unsigned char'，由於類型不同，可能導致資料遺失
=======
C:\Users\user\Desktop\陳增澤\gitegg\photoegg4.1\pixelOperat\pixelOperat.h(50): warning C4244: '=': 將 'double' 轉換為 'unsigned char'，由於類型不同，可能導致資料遺失
<<<<<<< HEAD
C:\Users\user\Desktop\陳增澤\gitegg\photoegg4.1\pixelOperat\pixelOperat.h(599): warning C4244: '=': 將 'double' 轉換為 'unsigned char'，由於類型不同，可能導致資料遺失
C:\Users\user\Desktop\陳增澤\gitegg\photoegg4.1\pixelOperat\pixelOperat.h(600): warning C4244: '=': 將 'double' 轉換為 'unsigned char'，由於類型不同，可能導致資料遺失
C:\Users\user\Desktop\陳增澤\gitegg\photoegg4.1\pixelOperat\pixelOperat.h(601): warning C4244: '=': 將 'double' 轉換為 'unsigned char'，由於類型不同，可能導致資料遺失
C:\Users\user\Desktop\陳增澤\gitegg\photoegg4.1\pixelOperat\pixelOperat.h(623): warning C4244: '=': 將 'double' 轉換為 'unsigned char'，由於類型不同，可能導致資料遺失
C:\Users\user\Desktop\陳增澤\gitegg\photoegg4.1\pixelOperat\pixelOperat.h(624): warning C4244: '=': 將 'double' 轉換為 'unsigned char'，由於類型不同，可能導致資料遺失
C:\Users\user\Desktop\陳增澤\gitegg\photoegg4.1\pixelOperat\pixelOperat.h(625): warning C4244: '=': 將 'double' 轉換為 'unsigned char'，由於類型不同，可能導致資料遺失
C:\Users\user\Desktop\陳增澤\gitegg\photoegg4.1\pixelOperat\pixelOperat.h(629): warning C4244: '=': 將 'double' 轉換為 'unsigned char'，由於類型不同，可能導致資料遺失
C:\Users\user\Desktop\陳增澤\gitegg\photoegg4.1\pixelOperat\pixelOperat.h(630): warning C4244: '=': 將 'double' 轉換為 'unsigned char'，由於類型不同，可能導致資料遺失
C:\Users\user\Desktop\陳增澤\gitegg\photoegg4.1\pixelOperat\pixelOperat.h(631): warning C4244: '=': 將 'double' 轉換為 'unsigned char'，由於類型不同，可能導致資料遺失
C:\Users\user\Desktop\陳增澤\gitegg\photoegg4.1\pixelOperat\pixelOperat.h(634): warning C4244: '=': 將 'double' 轉換為 'unsigned char'，由於類型不同，可能導致資料遺失
C:\Users\user\Desktop\陳增澤\gitegg\photoegg4.1\pixelOperat\pixelOperat.h(635): warning C4244: '=': 將 'double' 轉換為 'unsigned char'，由於類型不同，可能導致資料遺失
C:\Users\user\Desktop\陳增澤\gitegg\photoegg4.1\pixelOperat\pixelOperat.h(636): warning C4244: '=': 將 'double' 轉換為 'unsigned char'，由於類型不同，可能導致資料遺失
C:\Users\user\Desktop\陳增澤\gitegg\photoegg4.1\pixelOperat\pixelOperat.h(640): warning C4244: '=': 將 'double' 轉換為 'unsigned char'，由於類型不同，可能導致資料遺失
C:\Users\user\Desktop\陳增澤\gitegg\photoegg4.1\pixelOperat\pixelOperat.h(641): warning C4244: '=': 將 'double' 轉換為 'unsigned char'，由於類型不同，可能導致資料遺失
C:\Users\user\Desktop\陳增澤\gitegg\photoegg4.1\pixelOperat\pixelOperat.h(642): warning C4244: '=': 將 'double' 轉換為 'unsigned char'，由於類型不同，可能導致資料遺失
C:\Users\user\Desktop\陳增澤\gitegg\photoegg4.1\pixelOperat\pixelOperat.h(646): warning C4244: '=': 將 'double' 轉換為 'unsigned char'，由於類型不同，可能導致資料遺失
C:\Users\user\Desktop\陳增澤\gitegg\photoegg4.1\pixelOperat\pixelOperat.h(647): warning C4244: '=': 將 'double' 轉換為 'unsigned char'，由於類型不同，可能導致資料遺失
C:\Users\user\Desktop\陳增澤\gitegg\photoegg4.1\pixelOperat\pixelOperat.h(648): warning C4244: '=': 將 'double' 轉換為 'unsigned char'，由於類型不同，可能導致資料遺失
C:\Users\user\Desktop\陳增澤\gitegg\photoegg4.1\pixelOperat\pixelOperat.h(652): warning C4244: '=': 將 'double' 轉換為 'unsigned char'，由於類型不同，可能導致資料遺失
C:\Users\user\Desktop\陳增澤\gitegg\photoegg4.1\pixelOperat\pixelOperat.h(653): warning C4244: '=': 將 'double' 轉換為 'unsigned char'，由於類型不同，可能導致資料遺失
C:\Users\user\Desktop\陳增澤\gitegg\photoegg4.1\pixelOperat\pixelOperat.h(654): warning C4244: '=': 將 'double' 轉換為 'unsigned char'，由於類型不同，可能導致資料遺失
=======
C:\Users\user\Desktop\陳增澤\gitegg\photoegg4.1\pixelOperat\pixelOperat.h(602): warning C4244: '=': 將 'double' 轉換為 'unsigned char'，由於類型不同，可能導致資料遺失
C:\Users\user\Desktop\陳增澤\gitegg\photoegg4.1\pixelOperat\pixelOperat.h(603): warning C4244: '=': 將 'double' 轉換為 'unsigned char'，由於類型不同，可能導致資料遺失
C:\Users\user\Desktop\陳增澤\gitegg\photoegg4.1\pixelOperat\pixelOperat.h(604): warning C4244: '=': 將 'double' 轉換為 'unsigned char'，由於類型不同，可能導致資料遺失
C:\Users\user\Desktop\陳增澤\gitegg\photoegg4.1\pixelOperat\pixelOperat.h(626): warning C4244: '=': 將 'double' 轉換為 'unsigned char'，由於類型不同，可能導致資料遺失
C:\Users\user\Desktop\陳增澤\gitegg\photoegg4.1\pixelOperat\pixelOperat.h(627): warning C4244: '=': 將 'double' 轉換為 'unsigned char'，由於類型不同，可能導致資料遺失
C:\Users\user\Desktop\陳增澤\gitegg\photoegg4.1\pixelOperat\pixelOperat.h(628): warning C4244: '=': 將 'double' 轉換為 'unsigned char'，由於類型不同，可能導致資料遺失
C:\Users\user\Desktop\陳增澤\gitegg\photoegg4.1\pixelOperat\pixelOperat.h(632): warning C4244: '=': 將 'double' 轉換為 'unsigned char'，由於類型不同，可能導致資料遺失
C:\Users\user\Desktop\陳增澤\gitegg\photoegg4.1\pixelOperat\pixelOperat.h(633): warning C4244: '=': 將 'double' 轉換為 'unsigned char'，由於類型不同，可能導致資料遺失
C:\Users\user\Desktop\陳增澤\gitegg\photoegg4.1\pixelOperat\pixelOperat.h(634): warning C4244: '=': 將 'double' 轉換為 'unsigned char'，由於類型不同，可能導致資料遺失
C:\Users\user\Desktop\陳增澤\gitegg\photoegg4.1\pixelOperat\pixelOperat.h(637): warning C4244: '=': 將 'double' 轉換為 'unsigned char'，由於類型不同，可能導致資料遺失
C:\Users\user\Desktop\陳增澤\gitegg\photoegg4.1\pixelOperat\pixelOperat.h(638): warning C4244: '=': 將 'double' 轉換為 'unsigned char'，由於類型不同，可能導致資料遺失
C:\Users\user\Desktop\陳增澤\gitegg\photoegg4.1\pixelOperat\pixelOperat.h(639): warning C4244: '=': 將 'double' 轉換為 'unsigned char'，由於類型不同，可能導致資料遺失
C:\Users\user\Desktop\陳增澤\gitegg\photoegg4.1\pixelOperat\pixelOperat.h(643): warning C4244: '=': 將 'double' 轉換為 'unsigned char'，由於類型不同，可能導致資料遺失
C:\Users\user\Desktop\陳增澤\gitegg\photoegg4.1\pixelOperat\pixelOperat.h(644): warning C4244: '=': 將 'double' 轉換為 'unsigned char'，由於類型不同，可能導致資料遺失
C:\Users\user\Desktop\陳增澤\gitegg\photoegg4.1\pixelOperat\pixelOperat.h(645): warning C4244: '=': 將 'double' 轉換為 'unsigned char'，由於類型不同，可能導致資料遺失
C:\Users\user\Desktop\陳增澤\gitegg\photoegg4.1\pixelOperat\pixelOperat.h(649): warning C4244: '=': 將 'double' 轉換為 'unsigned char'，由於類型不同，可能導致資料遺失
C:\Users\user\Desktop\陳增澤\gitegg\photoegg4.1\pixelOperat\pixelOperat.h(650): warning C4244: '=': 將 'double' 轉換為 'unsigned char'，由於類型不同，可能導致資料遺失
C:\Users\user\Desktop\陳增澤\gitegg\photoegg4.1\pixelOperat\pixelOperat.h(651): warning C4244: '=': 將 'double' 轉換為 'unsigned char'，由於類型不同，可能導致資料遺失
C:\Users\user\Desktop\陳增澤\gitegg\photoegg4.1\pixelOperat\pixelOperat.h(655): warning C4244: '=': 將 'double' 轉換為 'unsigned char'，由於類型不同，可能導致資料遺失
C:\Users\user\Desktop\陳增澤\gitegg\photoegg4.1\pixelOperat\pixelOperat.h(656): warning C4244: '=': 將 'double' 轉換為 'unsigned char'，由於類型不同，可能導致資料遺失
C:\Users\user\Desktop\陳增澤\gitegg\photoegg4.1\pixelOperat\pixelOperat.h(657): warning C4244: '=': 將 'double' 轉換為 'unsigned char'，由於類型不同，可能導致資料遺失
>>>>>>> c0a8e3419ffba74fc05f5ddbffadf2f5700fe85a
>>>>>>> 315d90c914269b80a6cb77fa6bbebc2629fcc4a7
  pixelOperat.vcxproj -> C:\Users\user\Desktop\陳增澤\gitegg\photoegg4.1\x64\Release\pixelOperat.dll
=======
﻿  pixelOperat.vcxproj -> E:\桌面碟\專案資料夾\photoegg4.1\photoegg4.1\photoegg4.1\x64\Release\pixelOperat.dll
>>>>>>> 807509283792c2dd5577c3fff585c591a8688e23
